[debug] [2025-11-15T06:22:27.675Z] ----------------------------------------------------------------------
[debug] [2025-11-15T06:22:27.677Z] Command:       C:\Program Files\nodejs\node.exe C:\Users\Admin\AppData\Roaming\npm\node_modules\firebase-tools\lib\bin\firebase.js init
[debug] [2025-11-15T06:22:27.678Z] CLI Version:   14.22.0
[debug] [2025-11-15T06:22:27.678Z] Platform:      win32
[debug] [2025-11-15T06:22:27.678Z] Node Version:  v22.17.0
[debug] [2025-11-15T06:22:27.678Z] Time:          Sat Nov 15 2025 12:22:27 GMT+0600 (Bangladesh Standard Time)
[debug] [2025-11-15T06:22:27.678Z] ----------------------------------------------------------------------
[debug] 
[info] 
     ######## #### ########  ######## ########     ###     ######  ########
     ##        ##  ##     ## ##       ##     ##  ##   ##  ##       ##
     ######    ##  ########  ######   ########  #########  ######  ######
     ##        ##  ##    ##  ##       ##     ## ##     ##       ## ##
     ##       #### ##     ## ######## ########  ##     ##  ######  ########

You're about to initialize a Firebase project in this directory:

  C:\Projects\Assignment-10-TravelEase-server

Before we get started, keep in mind:

  * You are currently outside your home directory

[info] 
=== Project Setup
[info] 
[info] First, let's associate this project directory with a Firebase project.
[info] You can create multiple project aliases by running firebase use --add, 
[info] 
